<?xml version="1.0" encoding="UTF-8"?>
<!-- Generated by org.testng.reporters.JUnitReportReporter -->
<testsuite hostname="LAPTOP-EO6QEC52" name="Csvfile.Csvfiledone" tests="1" failures="0" timestamp="12 Apr 2022 07:00:48 GMT" time="34.875" errors="0">
  <testcase name="locatorsTestingBlog" time="34.875" classname="Csvfile.Csvfiledone"/>
</testsuite> <!-- Csvfile.Csvfiledone -->
